<?xml version="1.0" encoding="UTF-8"?>
<!-- Generated by org.testng.reporters.JUnitReportReporter -->
<testsuite hostname="DESKTOP-5AKA0UB" failures="0" tests="1" name="test_Neo.NewTest" time="15.839" errors="0" timestamp="2023-02-18T13:25:42 IST" skipped="0">
  <testcase classname="test_Neo.NewTest" name="validatecompanylisted" time="15.839"/>
  <system-out>
    <![CDATA[ADANI ENTERPRISES
Reading data from property file
The value is ADANI ENTERPRISES
TC validatecompanylistedis Passed
taking screenshot 
Screenshot stored at C:\software TestingNotes\Automation Class\selenium\7)ScreenShot\Screenshots\validatecompanylistedpng]]>
  </system-out>
</testsuite> <!-- test_Neo.NewTest -->
